<?xml version='1.0' encoding='UTF-8'?>
<testsuite hostname="Mashiros-MacBook-Pro.local" name="ARCTest" tests="1" errors="0" failures="0" skipped="0" time="3.258" timestamp="2024-06-23T13:24:16">
          <properties>
      <property name="jline.esc.timeout" value="0"/><property name="jna.platform.library.path" value="/usr/lib:/usr/lib"/><property name="java.runtime.name" value="OpenJDK Runtime Environment"/><property name="sun.boot.library.path" value="/Library/Java/JavaVirtualMachines/temurin-8.jdk/Contents/Home/jre/lib"/><property name="java.vm.version" value="25.412-b08"/><property name="gopherProxySet" value="false"/><property name="java.vm.vendor" value="Temurin"/><property name="java.vendor.url" value="https://adoptium.net/"/><property name="path.separator" value=":"/><property name="jna.loaded" value="true"/><property name="java.vm.name" value="OpenJDK 64-Bit Server VM"/><property name="file.encoding.pkg" value="sun.io"/><property name="user.country" value="CN"/><property name="sun.java.launcher" value="SUN_STANDARD"/><property name="sun.os.patch.level" value="unknown"/><property name="jna.nosys" value="true"/><property name="java.vm.specification.name" value="Java Virtual Machine Specification"/><property name="user.dir" value="/Users/kaiyu/Documents/Chisel/USB2.0"/><property name="java.runtime.version" value="1.8.0_412-b08"/><property name="java.awt.graphicsenv" value="sun.awt.CGraphicsEnvironment"/><property name="java.endorsed.dirs" value="/Library/Java/JavaVirtualMachines/temurin-8.jdk/Contents/Home/jre/lib/endorsed"/><property name="os.arch" value="x86_64"/><property name="java.io.tmpdir" value="/var/folders/ym/rfvzq57x4rgdq7cqcy9z68vc0000gn/T/"/><property name="line.separator" value="
"/><property name="socksProxyPort" value="7890"/><property name="java.vm.specification.vendor" value="Oracle Corporation"/><property name="log4j.ignoreTCL" value="true"/><property name="https.proxyHost" value="127.0.0.1"/><property name="os.name" value="Mac OS X"/><property name="sun.jnu.encoding" value="UTF-8"/><property name="jnidispatch.path" value="/Users/kaiyu/Library/Caches/JNA/temp/jna276629615295207488.tmp"/><property name="java.library.path" value="/Users/kaiyu/Library/Java/Extensions:/Library/Java/Extensions:/Network/Library/Java/Extensions:/System/Library/Java/Extensions:/usr/lib/java:."/><property name="http.proxyPort" value="7890"/><property name="java.specification.name" value="Java Platform API Specification"/><property name="java.class.version" value="52.0"/><property name="sbt.ipcsocket.tmpdir" value="/var/folders/ym/rfvzq57x4rgdq7cqcy9z68vc0000gn/T/.sbtb1a6da36/ipcsocket"/><property name="sun.management.compiler" value="HotSpot 64-Bit Tiered Compilers"/><property name="os.version" value="14.5"/><property name="swoval.tmpdir" value="/var/folders/ym/rfvzq57x4rgdq7cqcy9z68vc0000gn/T/.sbtb1a6da36/swoval"/><property name="user.home" value="/Users/kaiyu"/><property name="user.timezone" value="Asia/Shanghai"/><property name="java.awt.printerjob" value="sun.lwawt.macosx.CPrinterJob"/><property name="file.encoding" value="UTF-8"/><property name="java.specification.version" value="1.8"/><property name="java.class.path" value="/opt/homebrew/Cellar/sbt/1.9.9/libexec/bin/sbt-launch.jar"/><property name="user.name" value="kaiyu"/><property name="jline.shutdownhook" value="false"/><property name="socksProxyHost" value="127.0.0.1"/><property name="java.vm.specification.version" value="1.8"/><property name="sun.java.command" value="/opt/homebrew/Cellar/sbt/1.9.9/libexec/bin/sbt-launch.jar test"/><property name="java.home" value="/Library/Java/JavaVirtualMachines/temurin-8.jdk/Contents/Home/jre"/><property name="sun.arch.data.model" value="64"/><property name="user.language" value="zh"/><property name="java.specification.vendor" value="Oracle Corporation"/><property name="awt.toolkit" value="sun.lwawt.macosx.LWCToolkit"/><property name="java.vm.info" value="mixed mode"/><property name="java.version" value="1.8.0_412"/><property name="java.ext.dirs" value="/Users/kaiyu/Library/Java/Extensions:/Library/Java/JavaVirtualMachines/temurin-8.jdk/Contents/Home/jre/lib/ext:/Library/Java/Extensions:/Network/Library/Java/Extensions:/System/Library/Java/Extensions:/usr/lib/java"/><property name="sun.boot.class.path" value="/Library/Java/JavaVirtualMachines/temurin-8.jdk/Contents/Home/jre/lib/resources.jar:/Library/Java/JavaVirtualMachines/temurin-8.jdk/Contents/Home/jre/lib/rt.jar:/Library/Java/JavaVirtualMachines/temurin-8.jdk/Contents/Home/jre/lib/sunrsasign.jar:/Library/Java/JavaVirtualMachines/temurin-8.jdk/Contents/Home/jre/lib/jsse.jar:/Library/Java/JavaVirtualMachines/temurin-8.jdk/Contents/Home/jre/lib/jce.jar:/Library/Java/JavaVirtualMachines/temurin-8.jdk/Contents/Home/jre/lib/charsets.jar:/Library/Java/JavaVirtualMachines/temurin-8.jdk/Contents/Home/jre/lib/jfr.jar:/Library/Java/JavaVirtualMachines/temurin-8.jdk/Contents/Home/jre/classes"/><property name="http.proxyHost" value="127.0.0.1"/><property name="java.vendor" value="Temurin"/><property name="java.specification.maintenance.version" value="5"/><property name="file.separator" value="/"/><property name="java.vendor.url.bug" value="https://github.com/adoptium/adoptium-support/issues"/><property name="sun.io.unicode.encoding" value="UnicodeBig"/><property name="sun.cpu.endian" value="little"/><property name="https.proxyPort" value="7890"/><property name="sbt.script" value="/opt/homebrew/Cellar/sbt/1.9.9/libexec/bin/sbt"/><property name="sun.cpu.isalist" value=""/>
    </properties>
          <testcase classname="ARCTest" name="Waveform should pass" time="3.258">
                      
                    </testcase>
          <system-out><![CDATA[]]></system-out>
          <system-err><![CDATA[]]></system-err>
        </testsuite>